  SceneManager.cpp
C:\Users\dstir\Desktop\CS330Content\Projects\7-1_FinalProjectMilestones\Source\SceneManager.cpp(223,16): warning C4018: '<': signed/unsigned mismatch
C:\Users\dstir\Desktop\CS330Content\Projects\7-1_FinalProjectMilestones\Source\SceneManager.cpp(433,27): warning C4305: '=': truncation from 'double' to 'float'
C:\Users\dstir\Desktop\CS330Content\Projects\7-1_FinalProjectMilestones\Source\SceneManager.cpp(616,29): warning C4305: 'argument': truncation from 'double' to 'float'
C:\Users\dstir\Desktop\CS330Content\Projects\7-1_FinalProjectMilestones\Source\SceneManager.cpp(616,23): warning C4305: 'argument': truncation from 'double' to 'float'
C:\Users\dstir\Desktop\CS330Content\Projects\7-1_FinalProjectMilestones\Source\SceneManager.cpp(616,17): warning C4305: 'argument': truncation from 'double' to 'float'
C:\Users\dstir\Desktop\CS330Content\Projects\7-1_FinalProjectMilestones\Source\SceneManager.cpp(647,29): warning C4305: 'argument': truncation from 'double' to 'float'
C:\Users\dstir\Desktop\CS330Content\Projects\7-1_FinalProjectMilestones\Source\SceneManager.cpp(647,23): warning C4305: 'argument': truncation from 'double' to 'float'
C:\Users\dstir\Desktop\CS330Content\Projects\7-1_FinalProjectMilestones\Source\SceneManager.cpp(647,17): warning C4305: 'argument': truncation from 'double' to 'float'
C:\Users\dstir\Desktop\CS330Content\Projects\7-1_FinalProjectMilestones\Source\SceneManager.cpp(678,29): warning C4305: 'argument': truncation from 'double' to 'float'
C:\Users\dstir\Desktop\CS330Content\Projects\7-1_FinalProjectMilestones\Source\SceneManager.cpp(678,23): warning C4305: 'argument': truncation from 'double' to 'float'
C:\Users\dstir\Desktop\CS330Content\Projects\7-1_FinalProjectMilestones\Source\SceneManager.cpp(678,17): warning C4305: 'argument': truncation from 'double' to 'float'
C:\Users\dstir\Desktop\CS330Content\Projects\7-1_FinalProjectMilestones\Source\SceneManager.cpp(709,29): warning C4305: 'argument': truncation from 'double' to 'float'
C:\Users\dstir\Desktop\CS330Content\Projects\7-1_FinalProjectMilestones\Source\SceneManager.cpp(709,23): warning C4305: 'argument': truncation from 'double' to 'float'
C:\Users\dstir\Desktop\CS330Content\Projects\7-1_FinalProjectMilestones\Source\SceneManager.cpp(709,17): warning C4305: 'argument': truncation from 'double' to 'float'
C:\Users\dstir\Desktop\CS330Content\Projects\7-1_FinalProjectMilestones\Source\SceneManager.cpp(739,29): warning C4305: 'argument': truncation from 'double' to 'float'
C:\Users\dstir\Desktop\CS330Content\Projects\7-1_FinalProjectMilestones\Source\SceneManager.cpp(739,23): warning C4305: 'argument': truncation from 'double' to 'float'
C:\Users\dstir\Desktop\CS330Content\Projects\7-1_FinalProjectMilestones\Source\SceneManager.cpp(739,17): warning C4305: 'argument': truncation from 'double' to 'float'
C:\Users\dstir\Desktop\CS330Content\Projects\7-1_FinalProjectMilestones\Source\SceneManager.cpp(769,29): warning C4305: 'argument': truncation from 'double' to 'float'
C:\Users\dstir\Desktop\CS330Content\Projects\7-1_FinalProjectMilestones\Source\SceneManager.cpp(769,23): warning C4305: 'argument': truncation from 'double' to 'float'
C:\Users\dstir\Desktop\CS330Content\Projects\7-1_FinalProjectMilestones\Source\SceneManager.cpp(769,17): warning C4305: 'argument': truncation from 'double' to 'float'
C:\Users\dstir\Desktop\CS330Content\Projects\7-1_FinalProjectMilestones\Source\SceneManager.cpp(799,29): warning C4305: 'argument': truncation from 'double' to 'float'
C:\Users\dstir\Desktop\CS330Content\Projects\7-1_FinalProjectMilestones\Source\SceneManager.cpp(799,23): warning C4305: 'argument': truncation from 'double' to 'float'
C:\Users\dstir\Desktop\CS330Content\Projects\7-1_FinalProjectMilestones\Source\SceneManager.cpp(799,17): warning C4305: 'argument': truncation from 'double' to 'float'
C:\Users\dstir\Desktop\CS330Content\Projects\7-1_FinalProjectMilestones\Source\SceneManager.cpp(830,29): warning C4305: 'argument': truncation from 'double' to 'float'
C:\Users\dstir\Desktop\CS330Content\Projects\7-1_FinalProjectMilestones\Source\SceneManager.cpp(830,23): warning C4305: 'argument': truncation from 'double' to 'float'
C:\Users\dstir\Desktop\CS330Content\Projects\7-1_FinalProjectMilestones\Source\SceneManager.cpp(830,17): warning C4305: 'argument': truncation from 'double' to 'float'
  7-1_FinalProjectMilestones.vcxproj -> C:\Users\dstir\Desktop\CS330Content\Projects\7-1_FinalProjectMilestones\Debug\7-1_FinalProjectMilestones.exe
